Starting audit...
[WARN] C:\Users\Admistrator\Documents\Eclipse-workspace\DevOpsHW\src\main\java\main\Main.java:12: 'method def modifier' has incorrect indentation level 8, expected level should be 2. [Indentation]
[WARN] C:\Users\Admistrator\Documents\Eclipse-workspace\DevOpsHW\src\main\java\main\Main.java:12:1: Line contains a tab character. [FileTabCharacter]
[WARN] C:\Users\Admistrator\Documents\Eclipse-workspace\DevOpsHW\src\main\java\main\Main.java:12:9: Missing a Javadoc comment. [MissingJavadocMethod]
[WARN] C:\Users\Admistrator\Documents\Eclipse-workspace\DevOpsHW\src\main\java\main\Main.java:13: 'method def' child has incorrect indentation level 16, expected level should be 4. [Indentation]
[WARN] C:\Users\Admistrator\Documents\Eclipse-workspace\DevOpsHW\src\main\java\main\Main.java:13:1: Line contains a tab character. [FileTabCharacter]
[WARN] C:\Users\Admistrator\Documents\Eclipse-workspace\DevOpsHW\src\main\java\main\Main.java:14: 'method def' child has incorrect indentation level 16, expected level should be 4. [Indentation]
[WARN] C:\Users\Admistrator\Documents\Eclipse-workspace\DevOpsHW\src\main\java\main\Main.java:14:1: Line contains a tab character. [FileTabCharacter]
[WARN] C:\Users\Admistrator\Documents\Eclipse-workspace\DevOpsHW\src\main\java\main\Main.java:15:1: Line contains a tab character. [FileTabCharacter]
[WARN] C:\Users\Admistrator\Documents\Eclipse-workspace\DevOpsHW\src\main\java\main\Main.java:16: 'method def' child has incorrect indentation level 16, expected level should be 4. [Indentation]
[WARN] C:\Users\Admistrator\Documents\Eclipse-workspace\DevOpsHW\src\main\java\main\Main.java:16:1: Line contains a tab character. [FileTabCharacter]
[WARN] C:\Users\Admistrator\Documents\Eclipse-workspace\DevOpsHW\src\main\java\main\Main.java:17: 'method def' child has incorrect indentation level 16, expected level should be 4. [Indentation]
[WARN] C:\Users\Admistrator\Documents\Eclipse-workspace\DevOpsHW\src\main\java\main\Main.java:17:1: Line contains a tab character. [FileTabCharacter]
[WARN] C:\Users\Admistrator\Documents\Eclipse-workspace\DevOpsHW\src\main\java\main\Main.java:18:1: Line contains a tab character. [FileTabCharacter]
[WARN] C:\Users\Admistrator\Documents\Eclipse-workspace\DevOpsHW\src\main\java\main\Main.java:19: 'method def' child has incorrect indentation level 16, expected level should be 4. [Indentation]
[WARN] C:\Users\Admistrator\Documents\Eclipse-workspace\DevOpsHW\src\main\java\main\Main.java:19:1: Line contains a tab character. [FileTabCharacter]
[WARN] C:\Users\Admistrator\Documents\Eclipse-workspace\DevOpsHW\src\main\java\main\Main.java:20:1: Line contains a tab character. [FileTabCharacter]
[WARN] C:\Users\Admistrator\Documents\Eclipse-workspace\DevOpsHW\src\main\java\main\Main.java:21: 'try' has incorrect indentation level 16, expected level should be 4. [Indentation]
[WARN] C:\Users\Admistrator\Documents\Eclipse-workspace\DevOpsHW\src\main\java\main\Main.java:21:1: Line contains a tab character. [FileTabCharacter]
[WARN] C:\Users\Admistrator\Documents\Eclipse-workspace\DevOpsHW\src\main\java\main\Main.java:22: 'try' child has incorrect indentation level 24, expected level should be 6. [Indentation]
[WARN] C:\Users\Admistrator\Documents\Eclipse-workspace\DevOpsHW\src\main\java\main\Main.java:22:1: Line contains a tab character. [FileTabCharacter]
[WARN] C:\Users\Admistrator\Documents\Eclipse-workspace\DevOpsHW\src\main\java\main\Main.java:23: 'try' child has incorrect indentation level 24, expected level should be 6. [Indentation]
[WARN] C:\Users\Admistrator\Documents\Eclipse-workspace\DevOpsHW\src\main\java\main\Main.java:23:1: Line contains a tab character. [FileTabCharacter]
[WARN] C:\Users\Admistrator\Documents\Eclipse-workspace\DevOpsHW\src\main\java\main\Main.java:24: 'try' child has incorrect indentation level 24, expected level should be 6. [Indentation]
[WARN] C:\Users\Admistrator\Documents\Eclipse-workspace\DevOpsHW\src\main\java\main\Main.java:24:1: Line contains a tab character. [FileTabCharacter]
[WARN] C:\Users\Admistrator\Documents\Eclipse-workspace\DevOpsHW\src\main\java\main\Main.java:25: 'try' child has incorrect indentation level 24, expected level should be 6. [Indentation]
[WARN] C:\Users\Admistrator\Documents\Eclipse-workspace\DevOpsHW\src\main\java\main\Main.java:25:1: Line contains a tab character. [FileTabCharacter]
[WARN] C:\Users\Admistrator\Documents\Eclipse-workspace\DevOpsHW\src\main\java\main\Main.java:26: 'try rcurly' has incorrect indentation level 16, expected level should be 4. [Indentation]
[WARN] C:\Users\Admistrator\Documents\Eclipse-workspace\DevOpsHW\src\main\java\main\Main.java:26:1: Line contains a tab character. [FileTabCharacter]
[WARN] C:\Users\Admistrator\Documents\Eclipse-workspace\DevOpsHW\src\main\java\main\Main.java:27: 'catch' child has incorrect indentation level 24, expected level should be 6. [Indentation]
[WARN] C:\Users\Admistrator\Documents\Eclipse-workspace\DevOpsHW\src\main\java\main\Main.java:27:1: Line contains a tab character. [FileTabCharacter]
[WARN] C:\Users\Admistrator\Documents\Eclipse-workspace\DevOpsHW\src\main\java\main\Main.java:28: 'catch rcurly' has incorrect indentation level 16, expected level should be 4. [Indentation]
[WARN] C:\Users\Admistrator\Documents\Eclipse-workspace\DevOpsHW\src\main\java\main\Main.java:28:1: Line contains a tab character. [FileTabCharacter]
[WARN] C:\Users\Admistrator\Documents\Eclipse-workspace\DevOpsHW\src\main\java\main\Main.java:29:1: Line contains a tab character. [FileTabCharacter]
[WARN] C:\Users\Admistrator\Documents\Eclipse-workspace\DevOpsHW\src\main\java\main\Main.java:30: 'method def rcurly' has incorrect indentation level 8, expected level should be 2. [Indentation]
[WARN] C:\Users\Admistrator\Documents\Eclipse-workspace\DevOpsHW\src\main\java\main\Main.java:30:1: Line contains a tab character. [FileTabCharacter]
Audit done.
