Starting audit...
[WARN] C:\Users\Admistrator\Documents\Eclipse-workspace\DevOpsHW\src\main\java\utils\PropertyLoader.java:16: 'member def modifier' has incorrect indentation level 8, expected level should be 2. [Indentation]
[WARN] C:\Users\Admistrator\Documents\Eclipse-workspace\DevOpsHW\src\main\java\utils\PropertyLoader.java:16:1: Line contains a tab character. [FileTabCharacter]
[WARN] C:\Users\Admistrator\Documents\Eclipse-workspace\DevOpsHW\src\main\java\utils\PropertyLoader.java:16:23: 'static' modifier out of order with the JLS suggestions. [ModifierOrder]
[WARN] C:\Users\Admistrator\Documents\Eclipse-workspace\DevOpsHW\src\main\java\utils\PropertyLoader.java:17:1: Line contains a tab character. [FileTabCharacter]
[WARN] C:\Users\Admistrator\Documents\Eclipse-workspace\DevOpsHW\src\main\java\utils\PropertyLoader.java:18: 'member def modifier' has incorrect indentation level 8, expected level should be 2. [Indentation]
[WARN] C:\Users\Admistrator\Documents\Eclipse-workspace\DevOpsHW\src\main\java\utils\PropertyLoader.java:18:1: Line contains a tab character. [FileTabCharacter]
[WARN] C:\Users\Admistrator\Documents\Eclipse-workspace\DevOpsHW\src\main\java\utils\PropertyLoader.java:19: 'member def modifier' has incorrect indentation level 8, expected level should be 2. [Indentation]
[WARN] C:\Users\Admistrator\Documents\Eclipse-workspace\DevOpsHW\src\main\java\utils\PropertyLoader.java:19:1: Line contains a tab character. [FileTabCharacter]
[WARN] C:\Users\Admistrator\Documents\Eclipse-workspace\DevOpsHW\src\main\java\utils\PropertyLoader.java:20: 'member def modifier' has incorrect indentation level 8, expected level should be 2. [Indentation]
[WARN] C:\Users\Admistrator\Documents\Eclipse-workspace\DevOpsHW\src\main\java\utils\PropertyLoader.java:20:1: Line contains a tab character. [FileTabCharacter]
[WARN] C:\Users\Admistrator\Documents\Eclipse-workspace\DevOpsHW\src\main\java\utils\PropertyLoader.java:21: 'member def modifier' has incorrect indentation level 8, expected level should be 2. [Indentation]
[WARN] C:\Users\Admistrator\Documents\Eclipse-workspace\DevOpsHW\src\main\java\utils\PropertyLoader.java:21:1: Line contains a tab character. [FileTabCharacter]
[WARN] C:\Users\Admistrator\Documents\Eclipse-workspace\DevOpsHW\src\main\java\utils\PropertyLoader.java:22:1: Line contains a tab character. [FileTabCharacter]
[WARN] C:\Users\Admistrator\Documents\Eclipse-workspace\DevOpsHW\src\main\java\utils\PropertyLoader.java:23: 'ctor def modifier' has incorrect indentation level 8, expected level should be 2. [Indentation]
[WARN] C:\Users\Admistrator\Documents\Eclipse-workspace\DevOpsHW\src\main\java\utils\PropertyLoader.java:23:1: Line contains a tab character. [FileTabCharacter]
[WARN] C:\Users\Admistrator\Documents\Eclipse-workspace\DevOpsHW\src\main\java\utils\PropertyLoader.java:23:9: Missing a Javadoc comment. [MissingJavadocMethod]
[WARN] C:\Users\Admistrator\Documents\Eclipse-workspace\DevOpsHW\src\main\java\utils\PropertyLoader.java:24: 'ctor def' child has incorrect indentation level 16, expected level should be 4. [Indentation]
[WARN] C:\Users\Admistrator\Documents\Eclipse-workspace\DevOpsHW\src\main\java\utils\PropertyLoader.java:24:1: Line contains a tab character. [FileTabCharacter]
[WARN] C:\Users\Admistrator\Documents\Eclipse-workspace\DevOpsHW\src\main\java\utils\PropertyLoader.java:25: 'ctor def' child has incorrect indentation level 16, expected level should be 4. [Indentation]
[WARN] C:\Users\Admistrator\Documents\Eclipse-workspace\DevOpsHW\src\main\java\utils\PropertyLoader.java:25:1: Line contains a tab character. [FileTabCharacter]
[WARN] C:\Users\Admistrator\Documents\Eclipse-workspace\DevOpsHW\src\main\java\utils\PropertyLoader.java:26:1: Line contains a tab character. [FileTabCharacter]
[WARN] C:\Users\Admistrator\Documents\Eclipse-workspace\DevOpsHW\src\main\java\utils\PropertyLoader.java:27: 'ctor def' child has incorrect indentation level 16, expected level should be 4. [Indentation]
[WARN] C:\Users\Admistrator\Documents\Eclipse-workspace\DevOpsHW\src\main\java\utils\PropertyLoader.java:27:1: Line contains a tab character. [FileTabCharacter]
[WARN] C:\Users\Admistrator\Documents\Eclipse-workspace\DevOpsHW\src\main\java\utils\PropertyLoader.java:28: 'ctor def' child has incorrect indentation level 16, expected level should be 4. [Indentation]
[WARN] C:\Users\Admistrator\Documents\Eclipse-workspace\DevOpsHW\src\main\java\utils\PropertyLoader.java:28:1: Line contains a tab character. [FileTabCharacter]
[WARN] C:\Users\Admistrator\Documents\Eclipse-workspace\DevOpsHW\src\main\java\utils\PropertyLoader.java:29:1: Line contains a tab character. [FileTabCharacter]
[WARN] C:\Users\Admistrator\Documents\Eclipse-workspace\DevOpsHW\src\main\java\utils\PropertyLoader.java:30: 'if' has incorrect indentation level 16, expected level should be 4. [Indentation]
[WARN] C:\Users\Admistrator\Documents\Eclipse-workspace\DevOpsHW\src\main\java\utils\PropertyLoader.java:30:1: Line contains a tab character. [FileTabCharacter]
[WARN] C:\Users\Admistrator\Documents\Eclipse-workspace\DevOpsHW\src\main\java\utils\PropertyLoader.java:31: 'if' child has incorrect indentation level 24, expected level should be 6. [Indentation]
[WARN] C:\Users\Admistrator\Documents\Eclipse-workspace\DevOpsHW\src\main\java\utils\PropertyLoader.java:31:1: Line contains a tab character. [FileTabCharacter]
[WARN] C:\Users\Admistrator\Documents\Eclipse-workspace\DevOpsHW\src\main\java\utils\PropertyLoader.java:32: 'if rcurly' has incorrect indentation level 16, expected level should be 4. [Indentation]
[WARN] C:\Users\Admistrator\Documents\Eclipse-workspace\DevOpsHW\src\main\java\utils\PropertyLoader.java:32:1: Line contains a tab character. [FileTabCharacter]
[WARN] C:\Users\Admistrator\Documents\Eclipse-workspace\DevOpsHW\src\main\java\utils\PropertyLoader.java:33: 'else' child has incorrect indentation level 24, expected level should be 6. [Indentation]
[WARN] C:\Users\Admistrator\Documents\Eclipse-workspace\DevOpsHW\src\main\java\utils\PropertyLoader.java:33:1: Line contains a tab character. [FileTabCharacter]
[WARN] C:\Users\Admistrator\Documents\Eclipse-workspace\DevOpsHW\src\main\java\utils\PropertyLoader.java:34: 'else rcurly' has incorrect indentation level 16, expected level should be 4. [Indentation]
[WARN] C:\Users\Admistrator\Documents\Eclipse-workspace\DevOpsHW\src\main\java\utils\PropertyLoader.java:34:1: Line contains a tab character. [FileTabCharacter]
[WARN] C:\Users\Admistrator\Documents\Eclipse-workspace\DevOpsHW\src\main\java\utils\PropertyLoader.java:35:1: Line contains a tab character. [FileTabCharacter]
[WARN] C:\Users\Admistrator\Documents\Eclipse-workspace\DevOpsHW\src\main\java\utils\PropertyLoader.java:36: 'ctor def' child has incorrect indentation level 16, expected level should be 4. [Indentation]
[WARN] C:\Users\Admistrator\Documents\Eclipse-workspace\DevOpsHW\src\main\java\utils\PropertyLoader.java:36:1: Line contains a tab character. [FileTabCharacter]
[WARN] C:\Users\Admistrator\Documents\Eclipse-workspace\DevOpsHW\src\main\java\utils\PropertyLoader.java:37: 'ctor def rcurly' has incorrect indentation level 8, expected level should be 2. [Indentation]
[WARN] C:\Users\Admistrator\Documents\Eclipse-workspace\DevOpsHW\src\main\java\utils\PropertyLoader.java:37:1: Line contains a tab character. [FileTabCharacter]
[WARN] C:\Users\Admistrator\Documents\Eclipse-workspace\DevOpsHW\src\main\java\utils\PropertyLoader.java:39: 'method def modifier' has incorrect indentation level 8, expected level should be 2. [Indentation]
[WARN] C:\Users\Admistrator\Documents\Eclipse-workspace\DevOpsHW\src\main\java\utils\PropertyLoader.java:39:1: Line contains a tab character. [FileTabCharacter]
[WARN] C:\Users\Admistrator\Documents\Eclipse-workspace\DevOpsHW\src\main\java\utils\PropertyLoader.java:39:9: Missing a Javadoc comment. [MissingJavadocMethod]
[WARN] C:\Users\Admistrator\Documents\Eclipse-workspace\DevOpsHW\src\main\java\utils\PropertyLoader.java:40: 'method def' child has incorrect indentation level 16, expected level should be 4. [Indentation]
[WARN] C:\Users\Admistrator\Documents\Eclipse-workspace\DevOpsHW\src\main\java\utils\PropertyLoader.java:40:1: Line contains a tab character. [FileTabCharacter]
[WARN] C:\Users\Admistrator\Documents\Eclipse-workspace\DevOpsHW\src\main\java\utils\PropertyLoader.java:41:1: Line contains a tab character. [FileTabCharacter]
[WARN] C:\Users\Admistrator\Documents\Eclipse-workspace\DevOpsHW\src\main\java\utils\PropertyLoader.java:42: 'try' has incorrect indentation level 16, expected level should be 4. [Indentation]
[WARN] C:\Users\Admistrator\Documents\Eclipse-workspace\DevOpsHW\src\main\java\utils\PropertyLoader.java:42:1: Line contains a tab character. [FileTabCharacter]
[WARN] C:\Users\Admistrator\Documents\Eclipse-workspace\DevOpsHW\src\main\java\utils\PropertyLoader.java:43: 'try' child has incorrect indentation level 24, expected level should be 6. [Indentation]
[WARN] C:\Users\Admistrator\Documents\Eclipse-workspace\DevOpsHW\src\main\java\utils\PropertyLoader.java:43:1: Line contains a tab character. [FileTabCharacter]
[WARN] C:\Users\Admistrator\Documents\Eclipse-workspace\DevOpsHW\src\main\java\utils\PropertyLoader.java:44: 'try rcurly' has incorrect indentation level 16, expected level should be 4. [Indentation]
[WARN] C:\Users\Admistrator\Documents\Eclipse-workspace\DevOpsHW\src\main\java\utils\PropertyLoader.java:44:1: Line contains a tab character. [FileTabCharacter]
[WARN] C:\Users\Admistrator\Documents\Eclipse-workspace\DevOpsHW\src\main\java\utils\PropertyLoader.java:45: 'catch' child has incorrect indentation level 24, expected level should be 6. [Indentation]
[WARN] C:\Users\Admistrator\Documents\Eclipse-workspace\DevOpsHW\src\main\java\utils\PropertyLoader.java:45:1: Line contains a tab character. [FileTabCharacter]
[WARN] C:\Users\Admistrator\Documents\Eclipse-workspace\DevOpsHW\src\main\java\utils\PropertyLoader.java:46: 'catch rcurly' has incorrect indentation level 16, expected level should be 4. [Indentation]
[WARN] C:\Users\Admistrator\Documents\Eclipse-workspace\DevOpsHW\src\main\java\utils\PropertyLoader.java:46:1: Line contains a tab character. [FileTabCharacter]
[WARN] C:\Users\Admistrator\Documents\Eclipse-workspace\DevOpsHW\src\main\java\utils\PropertyLoader.java:47:1: Line contains a tab character. [FileTabCharacter]
[WARN] C:\Users\Admistrator\Documents\Eclipse-workspace\DevOpsHW\src\main\java\utils\PropertyLoader.java:48: 'method def' child has incorrect indentation level 16, expected level should be 4. [Indentation]
[WARN] C:\Users\Admistrator\Documents\Eclipse-workspace\DevOpsHW\src\main\java\utils\PropertyLoader.java:48:1: Line contains a tab character. [FileTabCharacter]
[WARN] C:\Users\Admistrator\Documents\Eclipse-workspace\DevOpsHW\src\main\java\utils\PropertyLoader.java:49: 'method def rcurly' has incorrect indentation level 8, expected level should be 2. [Indentation]
[WARN] C:\Users\Admistrator\Documents\Eclipse-workspace\DevOpsHW\src\main\java\utils\PropertyLoader.java:49:1: Line contains a tab character. [FileTabCharacter]
[WARN] C:\Users\Admistrator\Documents\Eclipse-workspace\DevOpsHW\src\main\java\utils\PropertyLoader.java:50:1: Line contains a tab character. [FileTabCharacter]
[WARN] C:\Users\Admistrator\Documents\Eclipse-workspace\DevOpsHW\src\main\java\utils\PropertyLoader.java:51: 'method def modifier' has incorrect indentation level 8, expected level should be 2. [Indentation]
[WARN] C:\Users\Admistrator\Documents\Eclipse-workspace\DevOpsHW\src\main\java\utils\PropertyLoader.java:51:1: Line contains a tab character. [FileTabCharacter]
[WARN] C:\Users\Admistrator\Documents\Eclipse-workspace\DevOpsHW\src\main\java\utils\PropertyLoader.java:52: 'method def' child has incorrect indentation level 16, expected level should be 4. [Indentation]
[WARN] C:\Users\Admistrator\Documents\Eclipse-workspace\DevOpsHW\src\main\java\utils\PropertyLoader.java:52:1: Line contains a tab character. [FileTabCharacter]
[WARN] C:\Users\Admistrator\Documents\Eclipse-workspace\DevOpsHW\src\main\java\utils\PropertyLoader.java:53: 'method def rcurly' has incorrect indentation level 8, expected level should be 2. [Indentation]
[WARN] C:\Users\Admistrator\Documents\Eclipse-workspace\DevOpsHW\src\main\java\utils\PropertyLoader.java:53:1: Line contains a tab character. [FileTabCharacter]
[WARN] C:\Users\Admistrator\Documents\Eclipse-workspace\DevOpsHW\src\main\java\utils\PropertyLoader.java:54:1: Line contains a tab character. [FileTabCharacter]
[WARN] C:\Users\Admistrator\Documents\Eclipse-workspace\DevOpsHW\src\main\java\utils\PropertyLoader.java:55: 'method def modifier' has incorrect indentation level 8, expected level should be 2. [Indentation]
[WARN] C:\Users\Admistrator\Documents\Eclipse-workspace\DevOpsHW\src\main\java\utils\PropertyLoader.java:55:1: Line contains a tab character. [FileTabCharacter]
[WARN] C:\Users\Admistrator\Documents\Eclipse-workspace\DevOpsHW\src\main\java\utils\PropertyLoader.java:55:9: Missing a Javadoc comment. [MissingJavadocMethod]
[WARN] C:\Users\Admistrator\Documents\Eclipse-workspace\DevOpsHW\src\main\java\utils\PropertyLoader.java:56: 'try' has incorrect indentation level 16, expected level should be 4. [Indentation]
[WARN] C:\Users\Admistrator\Documents\Eclipse-workspace\DevOpsHW\src\main\java\utils\PropertyLoader.java:56:1: Line contains a tab character. [FileTabCharacter]
[WARN] C:\Users\Admistrator\Documents\Eclipse-workspace\DevOpsHW\src\main\java\utils\PropertyLoader.java:57: 'try' child has incorrect indentation level 24, expected level should be 6. [Indentation]
[WARN] C:\Users\Admistrator\Documents\Eclipse-workspace\DevOpsHW\src\main\java\utils\PropertyLoader.java:57: Line is longer than 100 characters (found 106). [LineLength]
[WARN] C:\Users\Admistrator\Documents\Eclipse-workspace\DevOpsHW\src\main\java\utils\PropertyLoader.java:57:1: Line contains a tab character. [FileTabCharacter]
[WARN] C:\Users\Admistrator\Documents\Eclipse-workspace\DevOpsHW\src\main\java\utils\PropertyLoader.java:58: 'try' child has incorrect indentation level 24, expected level should be 6. [Indentation]
[WARN] C:\Users\Admistrator\Documents\Eclipse-workspace\DevOpsHW\src\main\java\utils\PropertyLoader.java:58:1: Line contains a tab character. [FileTabCharacter]
[WARN] C:\Users\Admistrator\Documents\Eclipse-workspace\DevOpsHW\src\main\java\utils\PropertyLoader.java:59: 'try' child has incorrect indentation level 24, expected level should be 6. [Indentation]
[WARN] C:\Users\Admistrator\Documents\Eclipse-workspace\DevOpsHW\src\main\java\utils\PropertyLoader.java:59:1: Line contains a tab character. [FileTabCharacter]
[WARN] C:\Users\Admistrator\Documents\Eclipse-workspace\DevOpsHW\src\main\java\utils\PropertyLoader.java:60: 'try rcurly' has incorrect indentation level 16, expected level should be 4. [Indentation]
[WARN] C:\Users\Admistrator\Documents\Eclipse-workspace\DevOpsHW\src\main\java\utils\PropertyLoader.java:60:1: Line contains a tab character. [FileTabCharacter]
[WARN] C:\Users\Admistrator\Documents\Eclipse-workspace\DevOpsHW\src\main\java\utils\PropertyLoader.java:61: 'catch' child has incorrect indentation level 24, expected level should be 6. [Indentation]
[WARN] C:\Users\Admistrator\Documents\Eclipse-workspace\DevOpsHW\src\main\java\utils\PropertyLoader.java:61:1: Line contains a tab character. [FileTabCharacter]
[WARN] C:\Users\Admistrator\Documents\Eclipse-workspace\DevOpsHW\src\main\java\utils\PropertyLoader.java:62: 'catch rcurly' has incorrect indentation level 16, expected level should be 4. [Indentation]
[WARN] C:\Users\Admistrator\Documents\Eclipse-workspace\DevOpsHW\src\main\java\utils\PropertyLoader.java:62:1: Line contains a tab character. [FileTabCharacter]
[WARN] C:\Users\Admistrator\Documents\Eclipse-workspace\DevOpsHW\src\main\java\utils\PropertyLoader.java:63: 'catch' child has incorrect indentation level 24, expected level should be 6. [Indentation]
[WARN] C:\Users\Admistrator\Documents\Eclipse-workspace\DevOpsHW\src\main\java\utils\PropertyLoader.java:63:1: Line contains a tab character. [FileTabCharacter]
[WARN] C:\Users\Admistrator\Documents\Eclipse-workspace\DevOpsHW\src\main\java\utils\PropertyLoader.java:64: 'catch rcurly' has incorrect indentation level 16, expected level should be 4. [Indentation]
[WARN] C:\Users\Admistrator\Documents\Eclipse-workspace\DevOpsHW\src\main\java\utils\PropertyLoader.java:64:1: Line contains a tab character. [FileTabCharacter]
[WARN] C:\Users\Admistrator\Documents\Eclipse-workspace\DevOpsHW\src\main\java\utils\PropertyLoader.java:65:1: Line contains a tab character. [FileTabCharacter]
[WARN] C:\Users\Admistrator\Documents\Eclipse-workspace\DevOpsHW\src\main\java\utils\PropertyLoader.java:66: 'method def rcurly' has incorrect indentation level 8, expected level should be 2. [Indentation]
[WARN] C:\Users\Admistrator\Documents\Eclipse-workspace\DevOpsHW\src\main\java\utils\PropertyLoader.java:66:1: Line contains a tab character. [FileTabCharacter]
[WARN] C:\Users\Admistrator\Documents\Eclipse-workspace\DevOpsHW\src\main\java\utils\PropertyLoader.java:67:1: Line contains a tab character. [FileTabCharacter]
Audit done.
