Starting audit...
[ERROR] C:\Users\Admistrator\Documents\Eclipse-workspace\DevOpsHW\src\main\java\utils\PropertyLoader.java:1: Missing package-info.java file. [JavadocPackage]
[ERROR] C:\Users\Admistrator\Documents\Eclipse-workspace\DevOpsHW\src\main\java\utils\PropertyLoader.java:13: Line has trailing spaces. [RegexpSingleline]
[ERROR] C:\Users\Admistrator\Documents\Eclipse-workspace\DevOpsHW\src\main\java\utils\PropertyLoader.java:16: Line has trailing spaces. [RegexpSingleline]
[ERROR] C:\Users\Admistrator\Documents\Eclipse-workspace\DevOpsHW\src\main\java\utils\PropertyLoader.java:16: Line is longer than 80 characters (found 87). [LineLength]
[ERROR] C:\Users\Admistrator\Documents\Eclipse-workspace\DevOpsHW\src\main\java\utils\PropertyLoader.java:16:1: File contains tab characters (this is the first instance). [FileTabCharacter]
[ERROR] C:\Users\Admistrator\Documents\Eclipse-workspace\DevOpsHW\src\main\java\utils\PropertyLoader.java:16:9: Missing a Javadoc comment. [JavadocVariable]
[ERROR] C:\Users\Admistrator\Documents\Eclipse-workspace\DevOpsHW\src\main\java\utils\PropertyLoader.java:16:23: 'static' modifier out of order with the JLS suggestions. [ModifierOrder]
[ERROR] C:\Users\Admistrator\Documents\Eclipse-workspace\DevOpsHW\src\main\java\utils\PropertyLoader.java:17: Line has trailing spaces. [RegexpSingleline]
[ERROR] C:\Users\Admistrator\Documents\Eclipse-workspace\DevOpsHW\src\main\java\utils\PropertyLoader.java:18:9: Missing a Javadoc comment. [JavadocVariable]
[ERROR] C:\Users\Admistrator\Documents\Eclipse-workspace\DevOpsHW\src\main\java\utils\PropertyLoader.java:19:9: Missing a Javadoc comment. [JavadocVariable]
[ERROR] C:\Users\Admistrator\Documents\Eclipse-workspace\DevOpsHW\src\main\java\utils\PropertyLoader.java:20:9: Missing a Javadoc comment. [JavadocVariable]
[ERROR] C:\Users\Admistrator\Documents\Eclipse-workspace\DevOpsHW\src\main\java\utils\PropertyLoader.java:21:9: Missing a Javadoc comment. [JavadocVariable]
[ERROR] C:\Users\Admistrator\Documents\Eclipse-workspace\DevOpsHW\src\main\java\utils\PropertyLoader.java:22: Line has trailing spaces. [RegexpSingleline]
[ERROR] C:\Users\Admistrator\Documents\Eclipse-workspace\DevOpsHW\src\main\java\utils\PropertyLoader.java:23:9: Missing a Javadoc comment. [MissingJavadocMethod]
[ERROR] C:\Users\Admistrator\Documents\Eclipse-workspace\DevOpsHW\src\main\java\utils\PropertyLoader.java:23:31: Parameter filename should be final. [FinalParameters]
[ERROR] C:\Users\Admistrator\Documents\Eclipse-workspace\DevOpsHW\src\main\java\utils\PropertyLoader.java:23:38: 'filename' hides a field. [HiddenField]
[ERROR] C:\Users\Admistrator\Documents\Eclipse-workspace\DevOpsHW\src\main\java\utils\PropertyLoader.java:26: Line has trailing spaces. [RegexpSingleline]
[ERROR] C:\Users\Admistrator\Documents\Eclipse-workspace\DevOpsHW\src\main\java\utils\PropertyLoader.java:28: Line is longer than 80 characters (found 88). [LineLength]
[ERROR] C:\Users\Admistrator\Documents\Eclipse-workspace\DevOpsHW\src\main\java\utils\PropertyLoader.java:29: Line has trailing spaces. [RegexpSingleline]
[ERROR] C:\Users\Admistrator\Documents\Eclipse-workspace\DevOpsHW\src\main\java\utils\PropertyLoader.java:33: Line is longer than 80 characters (found 100). [LineLength]
[ERROR] C:\Users\Admistrator\Documents\Eclipse-workspace\DevOpsHW\src\main\java\utils\PropertyLoader.java:35: Line has trailing spaces. [RegexpSingleline]
[ERROR] C:\Users\Admistrator\Documents\Eclipse-workspace\DevOpsHW\src\main\java\utils\PropertyLoader.java:38: Line has trailing spaces. [RegexpSingleline]
[ERROR] C:\Users\Admistrator\Documents\Eclipse-workspace\DevOpsHW\src\main\java\utils\PropertyLoader.java:39:9: Class 'PropertyLoader' looks like designed for extension (can be subclassed), but the method 'getPropertyValue' does not have javadoc that explains how to do that safely. If class is not designed for extension consider making the class 'PropertyLoader' final or making the method 'getPropertyValue' static/final/abstract/empty, or adding allowed annotation for the method. [DesignForExtension]
[ERROR] C:\Users\Admistrator\Documents\Eclipse-workspace\DevOpsHW\src\main\java\utils\PropertyLoader.java:39:9: Missing a Javadoc comment. [MissingJavadocMethod]
[ERROR] C:\Users\Admistrator\Documents\Eclipse-workspace\DevOpsHW\src\main\java\utils\PropertyLoader.java:39:40: Parameter property should be final. [FinalParameters]
[ERROR] C:\Users\Admistrator\Documents\Eclipse-workspace\DevOpsHW\src\main\java\utils\PropertyLoader.java:41: Line has trailing spaces. [RegexpSingleline]
[ERROR] C:\Users\Admistrator\Documents\Eclipse-workspace\DevOpsHW\src\main\java\utils\PropertyLoader.java:46: Line has trailing spaces. [RegexpSingleline]
[ERROR] C:\Users\Admistrator\Documents\Eclipse-workspace\DevOpsHW\src\main\java\utils\PropertyLoader.java:47: Line has trailing spaces. [RegexpSingleline]
[ERROR] C:\Users\Admistrator\Documents\Eclipse-workspace\DevOpsHW\src\main\java\utils\PropertyLoader.java:50: Line has trailing spaces. [RegexpSingleline]
[ERROR] C:\Users\Admistrator\Documents\Eclipse-workspace\DevOpsHW\src\main\java\utils\PropertyLoader.java:51:9: Class 'PropertyLoader' looks like designed for extension (can be subclassed), but the method 'setProperty' does not have javadoc that explains how to do that safely. If class is not designed for extension consider making the class 'PropertyLoader' final or making the method 'setProperty' static/final/abstract/empty, or adding allowed annotation for the method. [DesignForExtension]
[ERROR] C:\Users\Admistrator\Documents\Eclipse-workspace\DevOpsHW\src\main\java\utils\PropertyLoader.java:51:9: Missing a Javadoc comment. [MissingJavadocMethod]
[ERROR] C:\Users\Admistrator\Documents\Eclipse-workspace\DevOpsHW\src\main\java\utils\PropertyLoader.java:51:33: Parameter propKey should be final. [FinalParameters]
[ERROR] C:\Users\Admistrator\Documents\Eclipse-workspace\DevOpsHW\src\main\java\utils\PropertyLoader.java:51:49: Parameter propValue should be final. [FinalParameters]
[ERROR] C:\Users\Admistrator\Documents\Eclipse-workspace\DevOpsHW\src\main\java\utils\PropertyLoader.java:54: Line has trailing spaces. [RegexpSingleline]
[ERROR] C:\Users\Admistrator\Documents\Eclipse-workspace\DevOpsHW\src\main\java\utils\PropertyLoader.java:55:9: Class 'PropertyLoader' looks like designed for extension (can be subclassed), but the method 'saveProperties' does not have javadoc that explains how to do that safely. If class is not designed for extension consider making the class 'PropertyLoader' final or making the method 'saveProperties' static/final/abstract/empty, or adding allowed annotation for the method. [DesignForExtension]
[ERROR] C:\Users\Admistrator\Documents\Eclipse-workspace\DevOpsHW\src\main\java\utils\PropertyLoader.java:55:9: Missing a Javadoc comment. [MissingJavadocMethod]
[ERROR] C:\Users\Admistrator\Documents\Eclipse-workspace\DevOpsHW\src\main\java\utils\PropertyLoader.java:57: Line is longer than 80 characters (found 106). [LineLength]
[ERROR] C:\Users\Admistrator\Documents\Eclipse-workspace\DevOpsHW\src\main\java\utils\PropertyLoader.java:65: Line has trailing spaces. [RegexpSingleline]
[ERROR] C:\Users\Admistrator\Documents\Eclipse-workspace\DevOpsHW\src\main\java\utils\PropertyLoader.java:67: Line has trailing spaces. [RegexpSingleline]
Audit done.
